Function Scan on acbp_bench_full_join  (cost=0.25..10.25 rows=1000 width=40) (actual time=1182.258..1182.260 rows=12 loops=1)
  Buffers: shared hit=204387
Planning Time: 0.046 ms
Execution Time: 1182.644 ms
