Function Scan on acbp_bench_full_join_present  (cost=0.25..10.25 rows=1000 width=40) (actual time=529.700..529.702 rows=12 loops=1)
  Buffers: shared hit=154088
Planning Time: 0.037 ms
Execution Time: 530.156 ms
