Function Scan on acbp_bench_full_join  (cost=0.25..10.25 rows=1000 width=40) (actual time=716.240..716.242 rows=12 loops=1)
  Buffers: shared hit=203574, temp read=374 written=375
Planning Time: 0.047 ms
Execution Time: 716.745 ms
