Function Scan on acbp_bench_full_join_present  (cost=0.25..10.25 rows=1000 width=40) (actual time=871.962..871.964 rows=12 loops=1)
  Buffers: shared hit=204399, temp read=485 written=486
Planning Time: 0.037 ms
Execution Time: 872.266 ms
