Function Scan on acbp_bench_full_join_present  (cost=0.25..10.25 rows=1000 width=40) (actual time=16.343..16.343 rows=0 loops=1)
  Buffers: shared hit=3775
Planning Time: 0.038 ms
Execution Time: 16.635 ms
