Function Scan on acbp_bench_full_join_present  (cost=0.25..10.25 rows=1000 width=40) (actual time=987.009..987.011 rows=12 loops=1)
  Buffers: shared hit=204083, temp read=374 written=375
Planning Time: 0.078 ms
Execution Time: 987.620 ms
