Function Scan on acbp_bench_full_join_present  (cost=0.25..10.25 rows=1000 width=40) (actual time=709.484..709.486 rows=12 loops=1)
  Buffers: shared hit=204061, temp read=380 written=381
Planning Time: 0.110 ms
Execution Time: 710.328 ms
