Function Scan on acbp_bench_full_join  (cost=0.25..10.25 rows=1000 width=40) (actual time=745.739..745.741 rows=12 loops=1)
  Buffers: shared hit=204060, temp read=380 written=381
Planning Time: 0.038 ms
Execution Time: 746.194 ms
