Function Scan on acbp_bench_full_join_present  (cost=0.25..10.25 rows=1000 width=40) (actual time=1305.495..1305.498 rows=12 loops=1)
  Buffers: shared hit=204089, temp read=374 written=375
Planning Time: 0.046 ms
Execution Time: 1305.899 ms
