Function Scan on acbp_bench_full_join_present  (cost=0.25..10.25 rows=1000 width=40) (actual time=547.338..547.340 rows=12 loops=1)
  Buffers: shared hit=154183 read=235
Planning Time: 0.032 ms
Execution Time: 547.692 ms
