Function Scan on acbp_bench_full_join  (cost=0.25..10.25 rows=1000 width=40) (actual time=1056.809..1056.820 rows=12 loops=1)
  Buffers: shared hit=204380, temp read=485 written=486
Planning Time: 0.069 ms
Execution Time: 1057.447 ms
