Function Scan on acbp_bench_full_join  (cost=0.25..10.25 rows=1000 width=40) (actual time=971.893..971.895 rows=12 loops=1)
  Buffers: shared hit=254379, temp read=485 written=486
Planning Time: 0.037 ms
Execution Time: 972.190 ms
