Function Scan on acbp_bench_full_join  (cost=0.25..10.25 rows=1000 width=40) (actual time=703.445..703.447 rows=12 loops=1)
  Buffers: shared hit=204110, temp read=374 written=375
Planning Time: 0.049 ms
Execution Time: 703.910 ms
