Function Scan on acbp_bench_full_join  (cost=0.25..10.25 rows=1000 width=40) (actual time=20.589..20.589 rows=0 loops=1)
  Buffers: shared hit=4007
Planning Time: 0.086 ms
Execution Time: 21.135 ms
