Function Scan on acbp_bench_full_join_present  (cost=0.25..10.25 rows=1000 width=40) (actual time=529.159..529.160 rows=12 loops=1)
  Buffers: shared hit=154117
Planning Time: 0.037 ms
Execution Time: 529.541 ms
