Function Scan on acbp_bench_full_join  (cost=0.25..10.25 rows=1000 width=40) (actual time=753.301..753.303 rows=12 loops=1)
  Buffers: shared hit=204083, temp read=374 written=375
Planning Time: 0.036 ms
Execution Time: 753.605 ms
