Function Scan on acbp_bench_full_join  (cost=0.25..10.25 rows=1000 width=40) (actual time=1278.831..1278.834 rows=12 loops=1)
  Buffers: shared hit=204087, temp read=374 written=375
Planning Time: 0.082 ms
Execution Time: 1279.542 ms
