Function Scan on acbp_bench_full_join  (cost=0.25..10.25 rows=1000 width=40) (actual time=826.089..826.092 rows=12 loops=1)
  Buffers: shared hit=204409
Planning Time: 0.037 ms
Execution Time: 826.400 ms
