Function Scan on acbp_bench_full_join_present  (cost=0.25..10.25 rows=1000 width=40) (actual time=811.099..811.100 rows=12 loops=1)
  Buffers: shared hit=204239, temp read=486 written=487
Planning Time: 0.060 ms
Execution Time: 811.452 ms
