Function Scan on acbp_bench_full_join_present  (cost=0.25..10.25 rows=1000 width=40) (actual time=18.110..18.110 rows=0 loops=1)
  Buffers: shared hit=4008
Planning Time: 0.036 ms
Execution Time: 18.669 ms
