Function Scan on acbp_bench_full_join  (cost=0.25..10.25 rows=1000 width=40) (actual time=914.388..914.390 rows=12 loops=1)
  Buffers: shared hit=204378, temp read=485 written=486
Planning Time: 0.034 ms
Execution Time: 914.733 ms
