Function Scan on acbp_bench_full_join  (cost=0.25..10.25 rows=1000 width=40) (actual time=1092.496..1092.499 rows=12 loops=1)
  Buffers: shared hit=204081, temp read=374 written=375
Planning Time: 0.086 ms
Execution Time: 1093.260 ms
