Function Scan on acbp_bench_full_join  (cost=0.25..10.25 rows=1000 width=40) (actual time=812.912..812.913 rows=12 loops=1)
  Buffers: shared hit=204388, temp read=485 written=486
Planning Time: 0.033 ms
Execution Time: 813.185 ms
