Function Scan on acbp_bench_full_join_present  (cost=0.25..10.25 rows=1000 width=40) (actual time=543.158..543.159 rows=12 loops=1)
  Buffers: shared hit=154438
Planning Time: 0.036 ms
Execution Time: 543.467 ms
