Function Scan on acbp_bench_full_join_present  (cost=0.25..10.25 rows=1000 width=40) (actual time=721.100..721.101 rows=12 loops=1)
  Buffers: shared hit=204403, temp read=485 written=486
Planning Time: 0.090 ms
Execution Time: 721.416 ms
