Function Scan on acbp_bench_full_join_present  (cost=0.25..10.25 rows=1000 width=40) (actual time=582.846..582.848 rows=12 loops=1)
  Buffers: shared hit=204109, temp read=374 written=375
Planning Time: 0.037 ms
Execution Time: 583.140 ms
