Function Scan on acbp_bench_full_join  (cost=0.25..10.25 rows=1000 width=40) (actual time=705.573..705.575 rows=12 loops=1)
  Buffers: shared hit=204061, temp read=374 written=375
Planning Time: 0.038 ms
Execution Time: 705.881 ms
