Function Scan on acbp_bench_full_join_present  (cost=0.25..10.25 rows=1000 width=40) (actual time=650.262..650.263 rows=12 loops=1)
  Buffers: shared hit=154430
Planning Time: 0.037 ms
Execution Time: 650.553 ms
