Function Scan on acbp_bench_full_join_present  (cost=0.25..10.25 rows=1000 width=40) (actual time=640.071..640.072 rows=12 loops=1)
  Buffers: shared hit=154411
Planning Time: 0.038 ms
Execution Time: 640.384 ms
