Function Scan on acbp_bench_full_join  (cost=0.25..10.25 rows=1000 width=40) (actual time=25.363..25.364 rows=0 loops=1)
  Buffers: shared hit=3778
Planning Time: 0.079 ms
Execution Time: 25.931 ms
